<?xml version="1.0" encoding="UTF-8"?>
<!-- Generated by org.testng.reporters.JUnitReportReporter -->
<testsuite hostname="Gateway-of-India" failures="0" tests="1" name="TestngPrograms.ScreenShot" time="4.530" errors="0" timestamp="2023-03-22T11:30:55 IST" skipped="0">
  <testcase classname="TestngPrograms.ScreenShot" name="screenshot" time="4.530"/>
  <system-out/>
</testsuite> <!-- TestngPrograms.ScreenShot -->
