<?xml version="1.0" encoding="UTF-8"?>
<!-- Generated by org.testng.reporters.JUnitReportReporter -->
<testsuite hostname="Gateway-of-India" failures="0" tests="3" name="TestngPrograms.DeleteCustomer" time="0.016" errors="0" timestamp="2023-03-18T11:08:37 IST" skipped="1">
  <testcase classname="TestngPrograms.DeleteCustomer" name="Dhoni" time="0.003"/>
  <system-out>
    <![CDATA[Best Captain Ever in History]]>
  </system-out>
  <testcase classname="TestngPrograms.DeleteCustomer" name="Sehwag" time="0.013"/>
  <system-out>
    <![CDATA[Dangerous opener]]>
  </system-out>
  <testcase classname="TestngPrograms.DeleteCustomer" name="Ashwin">
    <skipped/>
  </testcase> <!-- Ashwin -->
  <system-out/>
</testsuite> <!-- TestngPrograms.DeleteCustomer -->
