<?xml version="1.0" encoding="UTF-8"?>
<!-- Generated by org.testng.reporters.JUnitReportReporter -->
<testsuite hostname="Gateway-of-India" failures="0" tests="1" name="TestngPrograms.Annotations" time="0.017" errors="0" timestamp="2023-03-18T12:00:17 IST" skipped="0">
  <testcase classname="TestngPrograms.Annotations" name="createCustomer" time="0.017"/>
  <system-out>
    <![CDATA[customer created]]>
  </system-out>
</testsuite> <!-- TestngPrograms.Annotations -->
