<?xml version="1.0" encoding="UTF-8"?>
<!-- Generated by org.testng.reporters.JUnitReportReporter -->
<testsuite hostname="Gateway-of-India" failures="0" tests="3" name="TestngPrograms.ModifyCustomer" time="0.011" errors="0" timestamp="2023-03-18T11:08:38 IST" skipped="1">
  <testcase classname="TestngPrograms.ModifyCustomer" name="Dhoni" time="0.003"/>
  <system-out>
    <![CDATA[Best Captain Ever in History]]>
  </system-out>
  <testcase classname="TestngPrograms.ModifyCustomer" name="Sehwag" time="0.008"/>
  <system-out>
    <![CDATA[Dangerous opener]]>
  </system-out>
  <testcase classname="TestngPrograms.ModifyCustomer" name="Ashwin">
    <skipped/>
  </testcase> <!-- Ashwin -->
  <system-out/>
</testsuite> <!-- TestngPrograms.ModifyCustomer -->
