<?xml version="1.0" encoding="UTF-8"?>
<!-- Generated by org.testng.reporters.JUnitReportReporter -->
<testsuite hostname="Gateway-of-India" failures="0" tests="1" name="TestngPrograms.CreateCustomer" time="4.320" errors="0" timestamp="2023-03-20T10:54:53 IST" skipped="0">
  <testcase classname="TestngPrograms.CreateCustomer" name="Dhoni" time="4.320"/>
  <system-out>
    <![CDATA[Best Captain Ever in History]]>
  </system-out>
</testsuite> <!-- TestngPrograms.CreateCustomer -->
