<?xml version="1.0" encoding="UTF-8"?>
<!-- Generated by org.testng.reporters.JUnitReportReporter -->
<testsuite hostname="Gateway-of-India" failures="0" tests="1" name="com.Actitime.Testscripts.TaskTest" time="9.248" errors="0" timestamp="2023-03-30T11:25:36 IST" skipped="0">
  <testcase classname="com.Actitime.Testscripts.TaskTest" name="createCustomer" time="9.248"/>
  <system-out/>
</testsuite> <!-- com.Actitime.Testscripts.TaskTest -->
